<?xml version="1.0" encoding="UTF-8"?>
<!-- Generated by org.testng.reporters.JUnitReportReporter -->
<testsuite hostname="Sravani" failures="0" tests="2" name="testCases.TC001_AccountRegistrationTest" time="6.474" errors="0" timestamp="2024-07-12T08:30:44 IST" skipped="0">
  <testcase classname="testCases.TC001_AccountRegistrationTest" name="verifyAccountRegistration" time="3.280"/>
  <testcase classname="testCases.TC001_AccountRegistrationTest" name="verifyAccountRegistration" time="3.194"/>
</testsuite> <!-- testCases.TC001_AccountRegistrationTest -->
