<?xml version="1.0" encoding="UTF-8"?>
<!-- Generated by org.testng.reporters.JUnitReportReporter -->
<testsuite hostname="Sravani" failures="0" tests="2" name="testCases.TC002_LoginTest" time="4.379" errors="0" timestamp="2024-07-12T08:30:44 IST" skipped="0">
  <testcase classname="testCases.TC002_LoginTest" name="verifyLogin" time="2.160"/>
  <testcase classname="testCases.TC002_LoginTest" name="verifyLogin" time="2.219"/>
</testsuite> <!-- testCases.TC002_LoginTest -->
