<?xml version="1.0" encoding="UTF-8"?>
<!-- Generated by org.testng.reporters.JUnitReportReporter -->
<testsuite hostname="Sravani" failures="0" tests="1" name="testCases.TC001_AccountRegistrationTest" time="3.559" errors="0" timestamp="2024-07-13T12:10:55 IST" skipped="0">
  <testcase classname="testCases.TC001_AccountRegistrationTest" name="verifyAccountRegistration" time="3.559"/>
</testsuite> <!-- testCases.TC001_AccountRegistrationTest -->
