<?xml version="1.0" encoding="UTF-8"?>
<!-- Generated by org.testng.reporters.JUnitReportReporter -->
<testsuite hostname="Sravani" failures="0" tests="1" name="testCases.TC002_LoginTest" time="2.433" errors="0" timestamp="2024-07-13T12:10:55 IST" skipped="0">
  <testcase classname="testCases.TC002_LoginTest" name="verifyLogin" time="2.433"/>
</testsuite> <!-- testCases.TC002_LoginTest -->
